[Wed, 25 Nov 2015 15:32:49 - 20695  - MainThread - INFO    ]	start 200 threads to server localhost:3050 ...
[Wed, 25 Nov 2015 15:32:49 - 20695  - MainThread - INFO    ]	new connection 1 to localhost:3050
[Wed, 25 Nov 2015 15:32:49 - 20695  - MainThread - INFO    ]	new connection 2 to localhost:3050
[Wed, 25 Nov 2015 15:32:49 - 20695  - MainThread - INFO    ]	new connection 3 to localhost:3050
[Wed, 25 Nov 2015 15:32:49 - 20695  - MainThread - INFO    ]	new connection 4 to localhost:3050
[Wed, 25 Nov 2015 15:32:49 - 20695  - MainThread - INFO    ]	new connection 5 to localhost:3050
[Wed, 25 Nov 2015 15:32:49 - 20695  - MainThread - INFO    ]	new connection 6 to localhost:3050
[Wed, 25 Nov 2015 15:32:49 - 20695  - MainThread - INFO    ]	new connection 7 to localhost:3050
[Wed, 25 Nov 2015 15:32:49 - 20695  - MainThread - INFO    ]	new connection 8 to localhost:3050
[Wed, 25 Nov 2015 15:32:49 - 20695  - MainThread - INFO    ]	new connection 9 to localhost:3050
[Wed, 25 Nov 2015 15:32:49 - 20695  - MainThread - INFO    ]	new connection 10 to localhost:3050
[Wed, 25 Nov 2015 15:32:49 - 20695  - MainThread - INFO    ]	new connection 11 to localhost:3050
[Wed, 25 Nov 2015 15:32:49 - 20695  - MainThread - INFO    ]	new connection 12 to localhost:3050
[Wed, 25 Nov 2015 15:32:49 - 20695  - MainThread - INFO    ]	new connection 13 to localhost:3050
[Wed, 25 Nov 2015 15:32:49 - 20695  - MainThread - INFO    ]	new connection 14 to localhost:3050
[Wed, 25 Nov 2015 15:32:49 - 20695  - MainThread - INFO    ]	new connection 15 to localhost:3050
[Wed, 25 Nov 2015 15:32:49 - 20695  - MainThread - INFO    ]	new connection 16 to localhost:3050
[Wed, 25 Nov 2015 15:32:49 - 20695  - MainThread - INFO    ]	new connection 17 to localhost:3050
[Wed, 25 Nov 2015 15:32:49 - 20695  - MainThread - INFO    ]	new connection 18 to localhost:3050
[Wed, 25 Nov 2015 15:32:49 - 20695  - MainThread - INFO    ]	new connection 19 to localhost:3050
[Wed, 25 Nov 2015 15:32:49 - 20695  - MainThread - INFO    ]	new connection 20 to localhost:3050
[Wed, 25 Nov 2015 15:32:49 - 20695  - MainThread - INFO    ]	new connection 21 to localhost:3050
[Wed, 25 Nov 2015 15:32:49 - 20695  - MainThread - INFO    ]	new connection 22 to localhost:3050
[Wed, 25 Nov 2015 15:32:49 - 20695  - MainThread - INFO    ]	new connection 23 to localhost:3050
[Wed, 25 Nov 2015 15:32:49 - 20695  - MainThread - INFO    ]	new connection 24 to localhost:3050
[Wed, 25 Nov 2015 15:32:49 - 20695  - MainThread - INFO    ]	new connection 25 to localhost:3050
[Wed, 25 Nov 2015 15:32:49 - 20695  - MainThread - INFO    ]	new connection 26 to localhost:3050
[Wed, 25 Nov 2015 15:32:49 - 20695  - MainThread - INFO    ]	new connection 27 to localhost:3050
[Wed, 25 Nov 2015 15:32:49 - 20695  - MainThread - INFO    ]	new connection 28 to localhost:3050
[Wed, 25 Nov 2015 15:32:49 - 20695  - MainThread - INFO    ]	new connection 29 to localhost:3050
[Wed, 25 Nov 2015 15:32:49 - 20695  - MainThread - INFO    ]	new connection 30 to localhost:3050
[Wed, 25 Nov 2015 15:32:49 - 20695  - MainThread - INFO    ]	new connection 31 to localhost:3050
[Wed, 25 Nov 2015 15:32:49 - 20695  - MainThread - INFO    ]	new connection 32 to localhost:3050
[Wed, 25 Nov 2015 15:32:49 - 20695  - MainThread - INFO    ]	new connection 33 to localhost:3050
[Wed, 25 Nov 2015 15:32:49 - 20695  - MainThread - INFO    ]	new connection 34 to localhost:3050
[Wed, 25 Nov 2015 15:32:49 - 20695  - MainThread - INFO    ]	new connection 35 to localhost:3050
[Wed, 25 Nov 2015 15:32:49 - 20695  - MainThread - INFO    ]	new connection 36 to localhost:3050
[Wed, 25 Nov 2015 15:32:49 - 20695  - MainThread - INFO    ]	new connection 37 to localhost:3050
[Wed, 25 Nov 2015 15:32:49 - 20695  - MainThread - INFO    ]	new connection 38 to localhost:3050
[Wed, 25 Nov 2015 15:32:49 - 20695  - MainThread - INFO    ]	new connection 39 to localhost:3050
[Wed, 25 Nov 2015 15:32:49 - 20695  - MainThread - INFO    ]	new connection 40 to localhost:3050
[Wed, 25 Nov 2015 15:32:49 - 20695  - MainThread - INFO    ]	new connection 41 to localhost:3050
[Wed, 25 Nov 2015 15:32:49 - 20695  - MainThread - INFO    ]	new connection 42 to localhost:3050
[Wed, 25 Nov 2015 15:32:49 - 20695  - MainThread - INFO    ]	new connection 43 to localhost:3050
[Wed, 25 Nov 2015 15:32:49 - 20695  - MainThread - INFO    ]	new connection 44 to localhost:3050
[Wed, 25 Nov 2015 15:32:49 - 20695  - MainThread - INFO    ]	new connection 45 to localhost:3050
[Wed, 25 Nov 2015 15:32:49 - 20695  - MainThread - INFO    ]	new connection 46 to localhost:3050
[Wed, 25 Nov 2015 15:32:49 - 20695  - MainThread - INFO    ]	new connection 47 to localhost:3050
[Wed, 25 Nov 2015 15:32:49 - 20695  - MainThread - INFO    ]	new connection 48 to localhost:3050
[Wed, 25 Nov 2015 15:32:49 - 20695  - MainThread - INFO    ]	new connection 49 to localhost:3050
[Wed, 25 Nov 2015 15:32:49 - 20695  - MainThread - INFO    ]	new connection 50 to localhost:3050
[Wed, 25 Nov 2015 15:32:49 - 20695  - MainThread - INFO    ]	new connection 51 to localhost:3050
[Wed, 25 Nov 2015 15:32:49 - 20695  - MainThread - INFO    ]	new connection 52 to localhost:3050
[Wed, 25 Nov 2015 15:32:49 - 20695  - MainThread - INFO    ]	new connection 53 to localhost:3050
[Wed, 25 Nov 2015 15:32:49 - 20695  - MainThread - INFO    ]	new connection 54 to localhost:3050
[Wed, 25 Nov 2015 15:32:49 - 20695  - MainThread - INFO    ]	new connection 55 to localhost:3050
[Wed, 25 Nov 2015 15:32:49 - 20695  - MainThread - INFO    ]	new connection 56 to localhost:3050
[Wed, 25 Nov 2015 15:32:49 - 20695  - MainThread - INFO    ]	new connection 57 to localhost:3050
[Wed, 25 Nov 2015 15:32:49 - 20695  - MainThread - INFO    ]	new connection 58 to localhost:3050
[Wed, 25 Nov 2015 15:32:49 - 20695  - MainThread - INFO    ]	new connection 59 to localhost:3050
[Wed, 25 Nov 2015 15:32:49 - 20695  - MainThread - INFO    ]	new connection 60 to localhost:3050
[Wed, 25 Nov 2015 15:32:49 - 20695  - MainThread - INFO    ]	new connection 61 to localhost:3050
[Wed, 25 Nov 2015 15:32:49 - 20695  - MainThread - INFO    ]	new connection 62 to localhost:3050
[Wed, 25 Nov 2015 15:32:49 - 20695  - MainThread - INFO    ]	new connection 63 to localhost:3050
[Wed, 25 Nov 2015 15:32:49 - 20695  - MainThread - INFO    ]	new connection 64 to localhost:3050
[Wed, 25 Nov 2015 15:32:49 - 20695  - MainThread - INFO    ]	new connection 65 to localhost:3050
[Wed, 25 Nov 2015 15:32:49 - 20695  - MainThread - INFO    ]	new connection 66 to localhost:3050
[Wed, 25 Nov 2015 15:32:49 - 20695  - MainThread - INFO    ]	new connection 67 to localhost:3050
[Wed, 25 Nov 2015 15:32:49 - 20695  - MainThread - INFO    ]	new connection 68 to localhost:3050
[Wed, 25 Nov 2015 15:32:49 - 20695  - MainThread - INFO    ]	new connection 69 to localhost:3050
[Wed, 25 Nov 2015 15:32:49 - 20695  - MainThread - INFO    ]	new connection 70 to localhost:3050
[Wed, 25 Nov 2015 15:32:49 - 20695  - MainThread - INFO    ]	new connection 71 to localhost:3050
[Wed, 25 Nov 2015 15:32:49 - 20695  - MainThread - INFO    ]	new connection 72 to localhost:3050
[Wed, 25 Nov 2015 15:32:49 - 20695  - MainThread - INFO    ]	new connection 73 to localhost:3050
[Wed, 25 Nov 2015 15:32:49 - 20695  - MainThread - INFO    ]	new connection 74 to localhost:3050
[Wed, 25 Nov 2015 15:32:49 - 20695  - MainThread - INFO    ]	new connection 75 to localhost:3050
[Wed, 25 Nov 2015 15:32:49 - 20695  - MainThread - INFO    ]	new connection 76 to localhost:3050
[Wed, 25 Nov 2015 15:32:49 - 20695  - MainThread - INFO    ]	new connection 77 to localhost:3050
[Wed, 25 Nov 2015 15:32:49 - 20695  - MainThread - INFO    ]	new connection 78 to localhost:3050
[Wed, 25 Nov 2015 15:32:49 - 20695  - MainThread - INFO    ]	new connection 79 to localhost:3050
[Wed, 25 Nov 2015 15:32:49 - 20695  - MainThread - INFO    ]	new connection 80 to localhost:3050
[Wed, 25 Nov 2015 15:32:49 - 20695  - MainThread - INFO    ]	new connection 81 to localhost:3050
[Wed, 25 Nov 2015 15:32:49 - 20695  - MainThread - INFO    ]	new connection 82 to localhost:3050
[Wed, 25 Nov 2015 15:32:49 - 20695  - MainThread - INFO    ]	new connection 83 to localhost:3050
[Wed, 25 Nov 2015 15:32:49 - 20695  - MainThread - INFO    ]	new connection 84 to localhost:3050
[Wed, 25 Nov 2015 15:32:49 - 20695  - MainThread - INFO    ]	new connection 85 to localhost:3050
[Wed, 25 Nov 2015 15:32:49 - 20695  - MainThread - INFO    ]	new connection 86 to localhost:3050
[Wed, 25 Nov 2015 15:32:49 - 20695  - MainThread - INFO    ]	new connection 87 to localhost:3050
[Wed, 25 Nov 2015 15:32:49 - 20695  - MainThread - INFO    ]	new connection 88 to localhost:3050
[Wed, 25 Nov 2015 15:32:49 - 20695  - MainThread - INFO    ]	new connection 89 to localhost:3050
[Wed, 25 Nov 2015 15:32:49 - 20695  - MainThread - INFO    ]	new connection 90 to localhost:3050
[Wed, 25 Nov 2015 15:32:49 - 20695  - MainThread - INFO    ]	new connection 91 to localhost:3050
[Wed, 25 Nov 2015 15:32:49 - 20695  - MainThread - INFO    ]	new connection 92 to localhost:3050
[Wed, 25 Nov 2015 15:32:49 - 20695  - MainThread - INFO    ]	new connection 93 to localhost:3050
[Wed, 25 Nov 2015 15:32:49 - 20695  - MainThread - INFO    ]	new connection 94 to localhost:3050
[Wed, 25 Nov 2015 15:32:49 - 20695  - MainThread - INFO    ]	new connection 95 to localhost:3050
[Wed, 25 Nov 2015 15:32:49 - 20695  - MainThread - INFO    ]	new connection 96 to localhost:3050
[Wed, 25 Nov 2015 15:32:49 - 20695  - MainThread - INFO    ]	new connection 97 to localhost:3050
[Wed, 25 Nov 2015 15:32:49 - 20695  - MainThread - INFO    ]	new connection 98 to localhost:3050
[Wed, 25 Nov 2015 15:32:49 - 20695  - MainThread - INFO    ]	new connection 99 to localhost:3050
[Wed, 25 Nov 2015 15:32:49 - 20695  - MainThread - INFO    ]	new connection 100 to localhost:3050
[Wed, 25 Nov 2015 15:32:49 - 20695  - MainThread - INFO    ]	new connection 101 to localhost:3050
[Wed, 25 Nov 2015 15:32:49 - 20695  - MainThread - INFO    ]	new connection 102 to localhost:3050
[Wed, 25 Nov 2015 15:32:49 - 20695  - MainThread - INFO    ]	new connection 103 to localhost:3050
[Wed, 25 Nov 2015 15:32:49 - 20695  - MainThread - INFO    ]	new connection 104 to localhost:3050
[Wed, 25 Nov 2015 15:32:49 - 20695  - MainThread - INFO    ]	new connection 105 to localhost:3050
[Wed, 25 Nov 2015 15:32:49 - 20695  - MainThread - INFO    ]	new connection 106 to localhost:3050
[Wed, 25 Nov 2015 15:32:49 - 20695  - MainThread - INFO    ]	new connection 107 to localhost:3050
[Wed, 25 Nov 2015 15:32:49 - 20695  - MainThread - INFO    ]	new connection 108 to localhost:3050
[Wed, 25 Nov 2015 15:32:49 - 20695  - MainThread - INFO    ]	new connection 109 to localhost:3050
[Wed, 25 Nov 2015 15:32:49 - 20695  - MainThread - INFO    ]	new connection 110 to localhost:3050
[Wed, 25 Nov 2015 15:32:49 - 20695  - MainThread - INFO    ]	new connection 111 to localhost:3050
[Wed, 25 Nov 2015 15:32:49 - 20695  - MainThread - INFO    ]	new connection 112 to localhost:3050
[Wed, 25 Nov 2015 15:32:49 - 20695  - MainThread - INFO    ]	new connection 113 to localhost:3050
[Wed, 25 Nov 2015 15:32:49 - 20695  - MainThread - INFO    ]	new connection 114 to localhost:3050
[Wed, 25 Nov 2015 15:32:49 - 20695  - MainThread - INFO    ]	new connection 115 to localhost:3050
[Wed, 25 Nov 2015 15:32:49 - 20695  - MainThread - INFO    ]	new connection 116 to localhost:3050
[Wed, 25 Nov 2015 15:32:49 - 20695  - MainThread - INFO    ]	new connection 117 to localhost:3050
[Wed, 25 Nov 2015 15:32:49 - 20695  - MainThread - INFO    ]	new connection 118 to localhost:3050
[Wed, 25 Nov 2015 15:32:49 - 20695  - MainThread - INFO    ]	new connection 119 to localhost:3050
[Wed, 25 Nov 2015 15:32:49 - 20695  - MainThread - INFO    ]	new connection 120 to localhost:3050
[Wed, 25 Nov 2015 15:32:49 - 20695  - MainThread - INFO    ]	new connection 121 to localhost:3050
[Wed, 25 Nov 2015 15:32:49 - 20695  - MainThread - INFO    ]	new connection 122 to localhost:3050
[Wed, 25 Nov 2015 15:32:49 - 20695  - MainThread - INFO    ]	new connection 123 to localhost:3050
[Wed, 25 Nov 2015 15:32:49 - 20695  - MainThread - INFO    ]	new connection 124 to localhost:3050
[Wed, 25 Nov 2015 15:32:49 - 20695  - MainThread - INFO    ]	new connection 125 to localhost:3050
[Wed, 25 Nov 2015 15:32:49 - 20695  - MainThread - INFO    ]	new connection 126 to localhost:3050
[Wed, 25 Nov 2015 15:32:49 - 20695  - MainThread - INFO    ]	new connection 127 to localhost:3050
[Wed, 25 Nov 2015 15:32:49 - 20695  - MainThread - INFO    ]	new connection 128 to localhost:3050
[Wed, 25 Nov 2015 15:32:49 - 20695  - MainThread - INFO    ]	new connection 129 to localhost:3050
[Wed, 25 Nov 2015 15:32:49 - 20695  - MainThread - INFO    ]	new connection 130 to localhost:3050
[Wed, 25 Nov 2015 15:32:49 - 20695  - MainThread - INFO    ]	new connection 131 to localhost:3050
[Wed, 25 Nov 2015 15:32:49 - 20695  - MainThread - INFO    ]	new connection 132 to localhost:3050
[Wed, 25 Nov 2015 15:32:49 - 20695  - MainThread - INFO    ]	new connection 133 to localhost:3050
[Wed, 25 Nov 2015 15:32:49 - 20695  - MainThread - INFO    ]	new connection 134 to localhost:3050
[Wed, 25 Nov 2015 15:32:49 - 20695  - MainThread - INFO    ]	new connection 135 to localhost:3050
[Wed, 25 Nov 2015 15:32:49 - 20695  - MainThread - INFO    ]	new connection 136 to localhost:3050
[Wed, 25 Nov 2015 15:32:49 - 20695  - MainThread - INFO    ]	new connection 137 to localhost:3050
[Wed, 25 Nov 2015 15:32:49 - 20695  - MainThread - INFO    ]	new connection 138 to localhost:3050
[Wed, 25 Nov 2015 15:32:49 - 20695  - MainThread - INFO    ]	new connection 139 to localhost:3050
[Wed, 25 Nov 2015 15:32:49 - 20695  - MainThread - INFO    ]	new connection 140 to localhost:3050
[Wed, 25 Nov 2015 15:32:49 - 20695  - MainThread - INFO    ]	new connection 141 to localhost:3050
[Wed, 25 Nov 2015 15:32:49 - 20695  - MainThread - INFO    ]	new connection 142 to localhost:3050
[Wed, 25 Nov 2015 15:32:49 - 20695  - MainThread - INFO    ]	new connection 143 to localhost:3050
[Wed, 25 Nov 2015 15:32:49 - 20695  - MainThread - INFO    ]	new connection 144 to localhost:3050
[Wed, 25 Nov 2015 15:32:49 - 20695  - MainThread - INFO    ]	new connection 145 to localhost:3050
[Wed, 25 Nov 2015 15:32:49 - 20695  - MainThread - INFO    ]	new connection 146 to localhost:3050
[Wed, 25 Nov 2015 15:32:49 - 20695  - MainThread - INFO    ]	new connection 147 to localhost:3050
[Wed, 25 Nov 2015 15:32:49 - 20695  - MainThread - INFO    ]	new connection 148 to localhost:3050
[Wed, 25 Nov 2015 15:32:49 - 20695  - MainThread - INFO    ]	new connection 149 to localhost:3050
[Wed, 25 Nov 2015 15:32:49 - 20695  - MainThread - INFO    ]	new connection 150 to localhost:3050
[Wed, 25 Nov 2015 15:32:49 - 20695  - MainThread - INFO    ]	new connection 151 to localhost:3050
[Wed, 25 Nov 2015 15:32:49 - 20695  - MainThread - INFO    ]	new connection 152 to localhost:3050
[Wed, 25 Nov 2015 15:32:49 - 20695  - MainThread - INFO    ]	new connection 153 to localhost:3050
[Wed, 25 Nov 2015 15:32:49 - 20695  - MainThread - INFO    ]	new connection 154 to localhost:3050
[Wed, 25 Nov 2015 15:32:49 - 20695  - MainThread - INFO    ]	new connection 155 to localhost:3050
[Wed, 25 Nov 2015 15:32:49 - 20695  - MainThread - INFO    ]	new connection 156 to localhost:3050
[Wed, 25 Nov 2015 15:32:49 - 20695  - MainThread - INFO    ]	new connection 157 to localhost:3050
[Wed, 25 Nov 2015 15:32:49 - 20695  - MainThread - INFO    ]	new connection 158 to localhost:3050
[Wed, 25 Nov 2015 15:32:49 - 20695  - MainThread - INFO    ]	new connection 159 to localhost:3050
[Wed, 25 Nov 2015 15:32:49 - 20695  - MainThread - INFO    ]	new connection 160 to localhost:3050
[Wed, 25 Nov 2015 15:32:49 - 20695  - MainThread - INFO    ]	new connection 161 to localhost:3050
[Wed, 25 Nov 2015 15:32:49 - 20695  - MainThread - INFO    ]	new connection 162 to localhost:3050
[Wed, 25 Nov 2015 15:32:49 - 20695  - MainThread - INFO    ]	new connection 163 to localhost:3050
[Wed, 25 Nov 2015 15:32:49 - 20695  - MainThread - INFO    ]	new connection 164 to localhost:3050
[Wed, 25 Nov 2015 15:32:49 - 20695  - MainThread - INFO    ]	new connection 165 to localhost:3050
[Wed, 25 Nov 2015 15:32:49 - 20695  - MainThread - INFO    ]	new connection 166 to localhost:3050
[Wed, 25 Nov 2015 15:32:49 - 20695  - MainThread - INFO    ]	new connection 167 to localhost:3050
[Wed, 25 Nov 2015 15:32:49 - 20695  - MainThread - INFO    ]	new connection 168 to localhost:3050
[Wed, 25 Nov 2015 15:32:49 - 20695  - MainThread - INFO    ]	new connection 169 to localhost:3050
[Wed, 25 Nov 2015 15:32:49 - 20695  - MainThread - INFO    ]	new connection 170 to localhost:3050
[Wed, 25 Nov 2015 15:32:49 - 20695  - MainThread - INFO    ]	new connection 171 to localhost:3050
[Wed, 25 Nov 2015 15:32:49 - 20695  - MainThread - INFO    ]	new connection 172 to localhost:3050
[Wed, 25 Nov 2015 15:32:49 - 20695  - MainThread - INFO    ]	new connection 173 to localhost:3050
[Wed, 25 Nov 2015 15:32:49 - 20695  - MainThread - INFO    ]	new connection 174 to localhost:3050
[Wed, 25 Nov 2015 15:32:49 - 20695  - MainThread - INFO    ]	new connection 175 to localhost:3050
[Wed, 25 Nov 2015 15:32:49 - 20695  - MainThread - INFO    ]	new connection 176 to localhost:3050
[Wed, 25 Nov 2015 15:32:49 - 20695  - MainThread - INFO    ]	new connection 177 to localhost:3050
[Wed, 25 Nov 2015 15:32:49 - 20695  - MainThread - INFO    ]	new connection 178 to localhost:3050
[Wed, 25 Nov 2015 15:32:49 - 20695  - MainThread - INFO    ]	new connection 179 to localhost:3050
[Wed, 25 Nov 2015 15:32:49 - 20695  - MainThread - INFO    ]	new connection 180 to localhost:3050
[Wed, 25 Nov 2015 15:32:49 - 20695  - MainThread - INFO    ]	new connection 181 to localhost:3050
[Wed, 25 Nov 2015 15:32:49 - 20695  - MainThread - INFO    ]	new connection 182 to localhost:3050
[Wed, 25 Nov 2015 15:32:49 - 20695  - MainThread - INFO    ]	new connection 183 to localhost:3050
[Wed, 25 Nov 2015 15:32:49 - 20695  - MainThread - INFO    ]	new connection 184 to localhost:3050
[Wed, 25 Nov 2015 15:32:49 - 20695  - MainThread - INFO    ]	new connection 185 to localhost:3050
[Wed, 25 Nov 2015 15:32:49 - 20695  - MainThread - INFO    ]	new connection 186 to localhost:3050
[Wed, 25 Nov 2015 15:32:49 - 20695  - MainThread - INFO    ]	new connection 187 to localhost:3050
[Wed, 25 Nov 2015 15:32:49 - 20695  - MainThread - INFO    ]	new connection 188 to localhost:3050
[Wed, 25 Nov 2015 15:32:49 - 20695  - MainThread - INFO    ]	new connection 189 to localhost:3050
[Wed, 25 Nov 2015 15:32:49 - 20695  - MainThread - INFO    ]	new connection 190 to localhost:3050
[Wed, 25 Nov 2015 15:32:49 - 20695  - MainThread - INFO    ]	new connection 191 to localhost:3050
[Wed, 25 Nov 2015 15:32:49 - 20695  - MainThread - INFO    ]	new connection 192 to localhost:3050
[Wed, 25 Nov 2015 15:32:49 - 20695  - MainThread - INFO    ]	new connection 193 to localhost:3050
[Wed, 25 Nov 2015 15:32:49 - 20695  - MainThread - INFO    ]	new connection 194 to localhost:3050
[Wed, 25 Nov 2015 15:32:49 - 20695  - MainThread - INFO    ]	new connection 195 to localhost:3050
[Wed, 25 Nov 2015 15:32:49 - 20695  - MainThread - INFO    ]	new connection 196 to localhost:3050
[Wed, 25 Nov 2015 15:32:49 - 20695  - MainThread - INFO    ]	new connection 197 to localhost:3050
[Wed, 25 Nov 2015 15:32:49 - 20695  - MainThread - INFO    ]	new connection 198 to localhost:3050
[Wed, 25 Nov 2015 15:32:49 - 20695  - MainThread - INFO    ]	new connection 199 to localhost:3050
[Wed, 25 Nov 2015 15:32:49 - 20695  - MainThread - INFO    ]	new connection 200 to localhost:3050
[Wed, 25 Nov 2015 15:32:49 - 20695  - Thread-1   - ERROR   ]	connect server failed: Connection refused, errno=61
[Wed, 25 Nov 2015 15:32:49 - 20695  - Thread-2   - ERROR   ]	connect server failed: Connection refused, errno=61
[Wed, 25 Nov 2015 15:32:49 - 20695  - Thread-3   - ERROR   ]	connect server failed: Connection refused, errno=61
[Wed, 25 Nov 2015 15:32:49 - 20695  - Thread-4   - ERROR   ]	connect server failed: Connection refused, errno=61
[Wed, 25 Nov 2015 15:32:49 - 20695  - Thread-5   - ERROR   ]	connect server failed: Connection refused, errno=61
[Wed, 25 Nov 2015 15:32:49 - 20695  - Thread-6   - ERROR   ]	connect server failed: Connection refused, errno=61
[Wed, 25 Nov 2015 15:32:49 - 20695  - Thread-7   - ERROR   ]	connect server failed: Connection refused, errno=61
[Wed, 25 Nov 2015 15:32:49 - 20695  - Thread-8   - ERROR   ]	connect server failed: Connection refused, errno=61
[Wed, 25 Nov 2015 15:32:49 - 20695  - Thread-9   - ERROR   ]	connect server failed: Connection refused, errno=61
[Wed, 25 Nov 2015 15:32:49 - 20695  - Thread-10  - ERROR   ]	connect server failed: Connection refused, errno=61
[Wed, 25 Nov 2015 15:32:49 - 20695  - Thread-11  - ERROR   ]	connect server failed: Connection refused, errno=61
[Wed, 25 Nov 2015 15:32:49 - 20695  - Thread-12  - ERROR   ]	connect server failed: Connection refused, errno=61
[Wed, 25 Nov 2015 15:32:49 - 20695  - Thread-13  - ERROR   ]	connect server failed: Connection refused, errno=61
[Wed, 25 Nov 2015 15:32:49 - 20695  - Thread-15  - ERROR   ]	connect server failed: Connection refused, errno=61
[Wed, 25 Nov 2015 15:32:49 - 20695  - Thread-14  - ERROR   ]	connect server failed: Connection refused, errno=61
[Wed, 25 Nov 2015 15:32:49 - 20695  - Thread-16  - ERROR   ]	connect server failed: Connection refused, errno=61
[Wed, 25 Nov 2015 15:32:49 - 20695  - Thread-17  - ERROR   ]	connect server failed: Connection refused, errno=61
[Wed, 25 Nov 2015 15:32:49 - 20695  - Thread-18  - ERROR   ]	connect server failed: Connection refused, errno=61
[Wed, 25 Nov 2015 15:32:49 - 20695  - Thread-19  - ERROR   ]	connect server failed: Connection refused, errno=61
[Wed, 25 Nov 2015 15:32:49 - 20695  - Thread-20  - ERROR   ]	connect server failed: Connection refused, errno=61
[Wed, 25 Nov 2015 15:32:49 - 20695  - Thread-21  - ERROR   ]	connect server failed: Connection refused, errno=61
[Wed, 25 Nov 2015 15:32:49 - 20695  - Thread-22  - ERROR   ]	connect server failed: Connection refused, errno=61
[Wed, 25 Nov 2015 15:32:49 - 20695  - Thread-23  - ERROR   ]	connect server failed: Connection refused, errno=61
[Wed, 25 Nov 2015 15:32:49 - 20695  - Thread-24  - ERROR   ]	connect server failed: Connection refused, errno=61
[Wed, 25 Nov 2015 15:32:49 - 20695  - Thread-25  - ERROR   ]	connect server failed: Connection refused, errno=61
[Wed, 25 Nov 2015 15:32:49 - 20695  - Thread-26  - ERROR   ]	connect server failed: Connection refused, errno=61
[Wed, 25 Nov 2015 15:32:49 - 20695  - Thread-27  - ERROR   ]	connect server failed: Connection refused, errno=61
[Wed, 25 Nov 2015 15:32:49 - 20695  - Thread-28  - ERROR   ]	connect server failed: Connection refused, errno=61
[Wed, 25 Nov 2015 15:32:49 - 20695  - Thread-29  - ERROR   ]	connect server failed: Connection refused, errno=61
[Wed, 25 Nov 2015 15:32:49 - 20695  - Thread-30  - ERROR   ]	connect server failed: Connection refused, errno=61
[Wed, 25 Nov 2015 15:32:49 - 20695  - Thread-31  - ERROR   ]	connect server failed: Connection refused, errno=61
[Wed, 25 Nov 2015 15:32:49 - 20695  - Thread-32  - ERROR   ]	connect server failed: Connection refused, errno=61
[Wed, 25 Nov 2015 15:32:49 - 20695  - Thread-33  - ERROR   ]	connect server failed: Connection refused, errno=61
[Wed, 25 Nov 2015 15:32:49 - 20695  - Thread-34  - ERROR   ]	connect server failed: Connection refused, errno=61
[Wed, 25 Nov 2015 15:32:49 - 20695  - Thread-35  - ERROR   ]	connect server failed: Connection refused, errno=61
[Wed, 25 Nov 2015 15:32:49 - 20695  - Thread-36  - ERROR   ]	connect server failed: Connection refused, errno=61
[Wed, 25 Nov 2015 15:32:49 - 20695  - Thread-37  - ERROR   ]	connect server failed: Connection refused, errno=61
[Wed, 25 Nov 2015 15:32:49 - 20695  - Thread-38  - ERROR   ]	connect server failed: Connection refused, errno=61
[Wed, 25 Nov 2015 15:32:49 - 20695  - Thread-39  - ERROR   ]	connect server failed: Connection refused, errno=61
[Wed, 25 Nov 2015 15:32:49 - 20695  - Thread-40  - ERROR   ]	connect server failed: Connection refused, errno=61
[Wed, 25 Nov 2015 15:32:49 - 20695  - Thread-41  - ERROR   ]	connect server failed: Connection refused, errno=61
[Wed, 25 Nov 2015 15:32:49 - 20695  - Thread-42  - ERROR   ]	connect server failed: Connection refused, errno=61
[Wed, 25 Nov 2015 15:32:49 - 20695  - Thread-43  - ERROR   ]	connect server failed: Connection refused, errno=61
[Wed, 25 Nov 2015 15:32:49 - 20695  - Thread-44  - ERROR   ]	connect server failed: Connection refused, errno=61
[Wed, 25 Nov 2015 15:32:49 - 20695  - Thread-45  - ERROR   ]	connect server failed: Connection refused, errno=61
[Wed, 25 Nov 2015 15:32:49 - 20695  - Thread-46  - ERROR   ]	connect server failed: Connection refused, errno=61
[Wed, 25 Nov 2015 15:32:49 - 20695  - Thread-47  - ERROR   ]	connect server failed: Connection refused, errno=61
[Wed, 25 Nov 2015 15:32:49 - 20695  - Thread-49  - ERROR   ]	connect server failed: Connection refused, errno=61
[Wed, 25 Nov 2015 15:32:49 - 20695  - Thread-48  - ERROR   ]	connect server failed: Connection refused, errno=61
[Wed, 25 Nov 2015 15:32:49 - 20695  - Thread-50  - ERROR   ]	connect server failed: Connection refused, errno=61
[Wed, 25 Nov 2015 15:32:49 - 20695  - Thread-51  - ERROR   ]	connect server failed: Connection refused, errno=61
[Wed, 25 Nov 2015 15:32:49 - 20695  - Thread-52  - ERROR   ]	connect server failed: Connection refused, errno=61
[Wed, 25 Nov 2015 15:32:49 - 20695  - Thread-53  - ERROR   ]	connect server failed: Connection refused, errno=61
[Wed, 25 Nov 2015 15:32:49 - 20695  - Thread-54  - ERROR   ]	connect server failed: Connection refused, errno=61
[Wed, 25 Nov 2015 15:32:49 - 20695  - Thread-55  - ERROR   ]	connect server failed: Connection refused, errno=61
[Wed, 25 Nov 2015 15:32:49 - 20695  - Thread-56  - ERROR   ]	connect server failed: Connection refused, errno=61
[Wed, 25 Nov 2015 15:32:49 - 20695  - Thread-57  - ERROR   ]	connect server failed: Connection refused, errno=61
[Wed, 25 Nov 2015 15:32:49 - 20695  - Thread-58  - ERROR   ]	connect server failed: Connection refused, errno=61
[Wed, 25 Nov 2015 15:32:49 - 20695  - Thread-59  - ERROR   ]	connect server failed: Connection refused, errno=61
[Wed, 25 Nov 2015 15:32:49 - 20695  - Thread-60  - ERROR   ]	connect server failed: Connection refused, errno=61
[Wed, 25 Nov 2015 15:32:49 - 20695  - Thread-61  - ERROR   ]	connect server failed: Connection refused, errno=61
[Wed, 25 Nov 2015 15:32:49 - 20695  - Thread-62  - ERROR   ]	connect server failed: Connection refused, errno=61
[Wed, 25 Nov 2015 15:32:49 - 20695  - Thread-63  - ERROR   ]	connect server failed: Connection refused, errno=61
[Wed, 25 Nov 2015 15:32:49 - 20695  - Thread-64  - ERROR   ]	connect server failed: Connection refused, errno=61
[Wed, 25 Nov 2015 15:32:49 - 20695  - Thread-65  - ERROR   ]	connect server failed: Connection refused, errno=61
[Wed, 25 Nov 2015 15:32:49 - 20695  - Thread-66  - ERROR   ]	connect server failed: Connection refused, errno=61
[Wed, 25 Nov 2015 15:32:49 - 20695  - Thread-67  - ERROR   ]	connect server failed: Connection refused, errno=61
[Wed, 25 Nov 2015 15:32:49 - 20695  - Thread-68  - ERROR   ]	connect server failed: Connection refused, errno=61
[Wed, 25 Nov 2015 15:32:49 - 20695  - Thread-69  - ERROR   ]	connect server failed: Connection refused, errno=61
[Wed, 25 Nov 2015 15:32:49 - 20695  - Thread-70  - ERROR   ]	connect server failed: Connection refused, errno=61
[Wed, 25 Nov 2015 15:32:49 - 20695  - Thread-71  - ERROR   ]	connect server failed: Connection refused, errno=61
[Wed, 25 Nov 2015 15:32:49 - 20695  - Thread-72  - ERROR   ]	connect server failed: Connection refused, errno=61
[Wed, 25 Nov 2015 15:32:49 - 20695  - Thread-73  - ERROR   ]	connect server failed: Connection refused, errno=61
[Wed, 25 Nov 2015 15:32:49 - 20695  - Thread-74  - ERROR   ]	connect server failed: Connection refused, errno=61
[Wed, 25 Nov 2015 15:32:49 - 20695  - Thread-75  - ERROR   ]	connect server failed: Connection refused, errno=61
[Wed, 25 Nov 2015 15:32:49 - 20695  - Thread-76  - ERROR   ]	connect server failed: Connection refused, errno=61
[Wed, 25 Nov 2015 15:32:49 - 20695  - Thread-77  - ERROR   ]	connect server failed: Connection refused, errno=61
[Wed, 25 Nov 2015 15:32:49 - 20695  - Thread-78  - ERROR   ]	connect server failed: Connection refused, errno=61
[Wed, 25 Nov 2015 15:32:49 - 20695  - Thread-79  - ERROR   ]	connect server failed: Connection refused, errno=61
[Wed, 25 Nov 2015 15:32:49 - 20695  - Thread-80  - ERROR   ]	connect server failed: Connection refused, errno=61
[Wed, 25 Nov 2015 15:32:49 - 20695  - Thread-81  - ERROR   ]	connect server failed: Connection refused, errno=61
[Wed, 25 Nov 2015 15:32:49 - 20695  - Thread-82  - ERROR   ]	connect server failed: Connection refused, errno=61
[Wed, 25 Nov 2015 15:32:49 - 20695  - Thread-83  - ERROR   ]	connect server failed: Connection refused, errno=61
[Wed, 25 Nov 2015 15:32:49 - 20695  - Thread-84  - ERROR   ]	connect server failed: Connection refused, errno=61
[Wed, 25 Nov 2015 15:32:49 - 20695  - Thread-85  - ERROR   ]	connect server failed: Connection refused, errno=61
[Wed, 25 Nov 2015 15:32:49 - 20695  - Thread-86  - ERROR   ]	connect server failed: Connection refused, errno=61
[Wed, 25 Nov 2015 15:32:49 - 20695  - Thread-87  - ERROR   ]	connect server failed: Connection refused, errno=61
[Wed, 25 Nov 2015 15:32:49 - 20695  - Thread-88  - ERROR   ]	connect server failed: Connection refused, errno=61
[Wed, 25 Nov 2015 15:32:49 - 20695  - Thread-89  - ERROR   ]	connect server failed: Connection refused, errno=61
[Wed, 25 Nov 2015 15:32:49 - 20695  - Thread-90  - ERROR   ]	connect server failed: Connection refused, errno=61
[Wed, 25 Nov 2015 15:32:49 - 20695  - Thread-91  - ERROR   ]	connect server failed: Connection refused, errno=61
[Wed, 25 Nov 2015 15:32:49 - 20695  - Thread-92  - ERROR   ]	connect server failed: Connection refused, errno=61
[Wed, 25 Nov 2015 15:32:49 - 20695  - Thread-93  - ERROR   ]	connect server failed: Connection refused, errno=61
[Wed, 25 Nov 2015 15:32:49 - 20695  - Thread-94  - ERROR   ]	connect server failed: Connection refused, errno=61
[Wed, 25 Nov 2015 15:32:49 - 20695  - Thread-95  - ERROR   ]	connect server failed: Connection refused, errno=61
[Wed, 25 Nov 2015 15:32:49 - 20695  - Thread-96  - ERROR   ]	connect server failed: Connection refused, errno=61
[Wed, 25 Nov 2015 15:32:49 - 20695  - Thread-97  - ERROR   ]	connect server failed: Connection refused, errno=61
[Wed, 25 Nov 2015 15:32:49 - 20695  - Thread-98  - ERROR   ]	connect server failed: Connection refused, errno=61
[Wed, 25 Nov 2015 15:32:49 - 20695  - Thread-99  - ERROR   ]	connect server failed: Connection refused, errno=61
[Wed, 25 Nov 2015 15:32:49 - 20695  - Thread-100 - ERROR   ]	connect server failed: Connection refused, errno=61
[Wed, 25 Nov 2015 15:32:49 - 20695  - Thread-101 - ERROR   ]	connect server failed: Connection refused, errno=61
[Wed, 25 Nov 2015 15:32:49 - 20695  - Thread-102 - ERROR   ]	connect server failed: Connection refused, errno=61
[Wed, 25 Nov 2015 15:32:49 - 20695  - Thread-103 - ERROR   ]	connect server failed: Connection refused, errno=61
[Wed, 25 Nov 2015 15:32:49 - 20695  - Thread-104 - ERROR   ]	connect server failed: Connection refused, errno=61
[Wed, 25 Nov 2015 15:32:49 - 20695  - Thread-105 - ERROR   ]	connect server failed: Connection refused, errno=61
[Wed, 25 Nov 2015 15:32:49 - 20695  - Thread-106 - ERROR   ]	connect server failed: Connection refused, errno=61
[Wed, 25 Nov 2015 15:32:49 - 20695  - Thread-107 - ERROR   ]	connect server failed: Connection refused, errno=61
[Wed, 25 Nov 2015 15:32:49 - 20695  - Thread-108 - ERROR   ]	connect server failed: Connection refused, errno=61
[Wed, 25 Nov 2015 15:32:49 - 20695  - Thread-109 - ERROR   ]	connect server failed: Connection refused, errno=61
[Wed, 25 Nov 2015 15:32:49 - 20695  - Thread-110 - ERROR   ]	connect server failed: Connection refused, errno=61
[Wed, 25 Nov 2015 15:32:49 - 20695  - Thread-111 - ERROR   ]	connect server failed: Connection refused, errno=61
[Wed, 25 Nov 2015 15:32:49 - 20695  - Thread-112 - ERROR   ]	connect server failed: Connection refused, errno=61
[Wed, 25 Nov 2015 15:32:49 - 20695  - Thread-113 - ERROR   ]	connect server failed: Connection refused, errno=61
[Wed, 25 Nov 2015 15:32:49 - 20695  - Thread-114 - ERROR   ]	connect server failed: Connection refused, errno=61
[Wed, 25 Nov 2015 15:32:49 - 20695  - Thread-115 - ERROR   ]	connect server failed: Connection refused, errno=61
[Wed, 25 Nov 2015 15:32:49 - 20695  - Thread-116 - ERROR   ]	connect server failed: Connection refused, errno=61
[Wed, 25 Nov 2015 15:32:49 - 20695  - Thread-117 - ERROR   ]	connect server failed: Connection refused, errno=61
[Wed, 25 Nov 2015 15:32:49 - 20695  - Thread-119 - ERROR   ]	connect server failed: Connection refused, errno=61
[Wed, 25 Nov 2015 15:32:49 - 20695  - Thread-118 - ERROR   ]	connect server failed: Connection refused, errno=61
[Wed, 25 Nov 2015 15:32:49 - 20695  - Thread-120 - ERROR   ]	connect server failed: Connection refused, errno=61
[Wed, 25 Nov 2015 15:32:49 - 20695  - Thread-121 - ERROR   ]	connect server failed: Connection refused, errno=61
[Wed, 25 Nov 2015 15:32:49 - 20695  - Thread-122 - ERROR   ]	connect server failed: Connection refused, errno=61
[Wed, 25 Nov 2015 15:32:49 - 20695  - Thread-123 - ERROR   ]	connect server failed: Connection refused, errno=61
[Wed, 25 Nov 2015 15:32:49 - 20695  - Thread-124 - ERROR   ]	connect server failed: Connection refused, errno=61
[Wed, 25 Nov 2015 15:32:49 - 20695  - Thread-125 - ERROR   ]	connect server failed: Connection refused, errno=61
[Wed, 25 Nov 2015 15:32:49 - 20695  - Thread-126 - ERROR   ]	connect server failed: Connection refused, errno=61
[Wed, 25 Nov 2015 15:32:49 - 20695  - Thread-127 - ERROR   ]	connect server failed: Connection refused, errno=61
[Wed, 25 Nov 2015 15:32:49 - 20695  - Thread-128 - ERROR   ]	connect server failed: Connection refused, errno=61
[Wed, 25 Nov 2015 15:32:49 - 20695  - Thread-129 - ERROR   ]	connect server failed: Connection refused, errno=61
[Wed, 25 Nov 2015 15:32:49 - 20695  - Thread-130 - ERROR   ]	connect server failed: Connection refused, errno=61
[Wed, 25 Nov 2015 15:32:49 - 20695  - Thread-131 - ERROR   ]	connect server failed: Connection refused, errno=61
[Wed, 25 Nov 2015 15:32:49 - 20695  - Thread-132 - ERROR   ]	connect server failed: Connection refused, errno=61
[Wed, 25 Nov 2015 15:32:49 - 20695  - Thread-133 - ERROR   ]	connect server failed: Connection refused, errno=61
[Wed, 25 Nov 2015 15:32:49 - 20695  - Thread-134 - ERROR   ]	connect server failed: Connection refused, errno=61
[Wed, 25 Nov 2015 15:32:49 - 20695  - Thread-135 - ERROR   ]	connect server failed: Connection refused, errno=61
[Wed, 25 Nov 2015 15:32:49 - 20695  - Thread-136 - ERROR   ]	connect server failed: Connection refused, errno=61
[Wed, 25 Nov 2015 15:32:49 - 20695  - Thread-137 - ERROR   ]	connect server failed: Connection refused, errno=61
[Wed, 25 Nov 2015 15:32:49 - 20695  - Thread-138 - ERROR   ]	connect server failed: Connection refused, errno=61
[Wed, 25 Nov 2015 15:32:49 - 20695  - Thread-139 - ERROR   ]	connect server failed: Connection refused, errno=61
[Wed, 25 Nov 2015 15:32:49 - 20695  - Thread-140 - ERROR   ]	connect server failed: Connection refused, errno=61
[Wed, 25 Nov 2015 15:32:49 - 20695  - Thread-141 - ERROR   ]	connect server failed: Connection refused, errno=61
[Wed, 25 Nov 2015 15:32:49 - 20695  - Thread-142 - ERROR   ]	connect server failed: Connection refused, errno=61
[Wed, 25 Nov 2015 15:32:49 - 20695  - Thread-143 - ERROR   ]	connect server failed: Connection refused, errno=61
[Wed, 25 Nov 2015 15:32:49 - 20695  - Thread-144 - ERROR   ]	connect server failed: Connection refused, errno=61
[Wed, 25 Nov 2015 15:32:49 - 20695  - Thread-145 - ERROR   ]	connect server failed: Connection refused, errno=61
[Wed, 25 Nov 2015 15:32:49 - 20695  - Thread-146 - ERROR   ]	connect server failed: Connection refused, errno=61
[Wed, 25 Nov 2015 15:32:49 - 20695  - Thread-147 - ERROR   ]	connect server failed: Connection refused, errno=61
[Wed, 25 Nov 2015 15:32:49 - 20695  - Thread-148 - ERROR   ]	connect server failed: Connection refused, errno=61
[Wed, 25 Nov 2015 15:32:49 - 20695  - Thread-149 - ERROR   ]	connect server failed: Connection refused, errno=61
[Wed, 25 Nov 2015 15:32:49 - 20695  - Thread-150 - ERROR   ]	connect server failed: Connection refused, errno=61
[Wed, 25 Nov 2015 15:32:49 - 20695  - Thread-151 - ERROR   ]	connect server failed: Connection refused, errno=61
[Wed, 25 Nov 2015 15:32:49 - 20695  - Thread-152 - ERROR   ]	connect server failed: Connection refused, errno=61
[Wed, 25 Nov 2015 15:32:49 - 20695  - Thread-153 - ERROR   ]	connect server failed: Connection refused, errno=61
[Wed, 25 Nov 2015 15:32:49 - 20695  - Thread-154 - ERROR   ]	connect server failed: Connection refused, errno=61
[Wed, 25 Nov 2015 15:32:49 - 20695  - Thread-155 - ERROR   ]	connect server failed: Connection refused, errno=61
[Wed, 25 Nov 2015 15:32:49 - 20695  - Thread-156 - ERROR   ]	connect server failed: Connection refused, errno=61
[Wed, 25 Nov 2015 15:32:49 - 20695  - Thread-157 - ERROR   ]	connect server failed: Connection refused, errno=61
[Wed, 25 Nov 2015 15:32:49 - 20695  - Thread-158 - ERROR   ]	connect server failed: Connection refused, errno=61
[Wed, 25 Nov 2015 15:32:49 - 20695  - Thread-159 - ERROR   ]	connect server failed: Connection refused, errno=61
[Wed, 25 Nov 2015 15:32:49 - 20695  - Thread-160 - ERROR   ]	connect server failed: Connection refused, errno=61
[Wed, 25 Nov 2015 15:32:49 - 20695  - Thread-161 - ERROR   ]	connect server failed: Connection refused, errno=61
[Wed, 25 Nov 2015 15:32:49 - 20695  - Thread-162 - ERROR   ]	connect server failed: Connection refused, errno=61
[Wed, 25 Nov 2015 15:32:49 - 20695  - Thread-163 - ERROR   ]	connect server failed: Connection refused, errno=61
[Wed, 25 Nov 2015 15:32:49 - 20695  - Thread-164 - ERROR   ]	connect server failed: Connection refused, errno=61
[Wed, 25 Nov 2015 15:32:49 - 20695  - Thread-165 - ERROR   ]	connect server failed: Connection refused, errno=61
[Wed, 25 Nov 2015 15:32:49 - 20695  - Thread-166 - ERROR   ]	connect server failed: Connection refused, errno=61
[Wed, 25 Nov 2015 15:32:49 - 20695  - Thread-167 - ERROR   ]	connect server failed: Connection refused, errno=61
[Wed, 25 Nov 2015 15:32:49 - 20695  - Thread-168 - ERROR   ]	connect server failed: Connection refused, errno=61
[Wed, 25 Nov 2015 15:32:49 - 20695  - Thread-169 - ERROR   ]	connect server failed: Connection refused, errno=61
[Wed, 25 Nov 2015 15:32:49 - 20695  - Thread-170 - ERROR   ]	connect server failed: Connection refused, errno=61
[Wed, 25 Nov 2015 15:32:49 - 20695  - Thread-171 - ERROR   ]	connect server failed: Connection refused, errno=61
[Wed, 25 Nov 2015 15:32:49 - 20695  - Thread-172 - ERROR   ]	connect server failed: Connection refused, errno=61
[Wed, 25 Nov 2015 15:32:49 - 20695  - Thread-173 - ERROR   ]	connect server failed: Connection refused, errno=61
[Wed, 25 Nov 2015 15:32:49 - 20695  - Thread-174 - ERROR   ]	connect server failed: Connection refused, errno=61
[Wed, 25 Nov 2015 15:32:49 - 20695  - Thread-175 - ERROR   ]	connect server failed: Connection refused, errno=61
[Wed, 25 Nov 2015 15:32:49 - 20695  - Thread-176 - ERROR   ]	connect server failed: Connection refused, errno=61
[Wed, 25 Nov 2015 15:32:49 - 20695  - Thread-177 - ERROR   ]	connect server failed: Connection refused, errno=61
[Wed, 25 Nov 2015 15:32:49 - 20695  - Thread-178 - ERROR   ]	connect server failed: Connection refused, errno=61
[Wed, 25 Nov 2015 15:32:49 - 20695  - Thread-179 - ERROR   ]	connect server failed: Connection refused, errno=61
[Wed, 25 Nov 2015 15:32:49 - 20695  - Thread-180 - ERROR   ]	connect server failed: Connection refused, errno=61
[Wed, 25 Nov 2015 15:32:49 - 20695  - Thread-181 - ERROR   ]	connect server failed: Connection refused, errno=61
[Wed, 25 Nov 2015 15:32:49 - 20695  - Thread-182 - ERROR   ]	connect server failed: Connection refused, errno=61
[Wed, 25 Nov 2015 15:32:49 - 20695  - Thread-183 - ERROR   ]	connect server failed: Connection refused, errno=61
[Wed, 25 Nov 2015 15:32:49 - 20695  - Thread-184 - ERROR   ]	connect server failed: Connection refused, errno=61
[Wed, 25 Nov 2015 15:32:49 - 20695  - Thread-185 - ERROR   ]	connect server failed: Connection refused, errno=61
[Wed, 25 Nov 2015 15:32:49 - 20695  - Thread-186 - ERROR   ]	connect server failed: Connection refused, errno=61
[Wed, 25 Nov 2015 15:32:49 - 20695  - Thread-187 - ERROR   ]	connect server failed: Connection refused, errno=61
[Wed, 25 Nov 2015 15:32:49 - 20695  - Thread-188 - ERROR   ]	connect server failed: Connection refused, errno=61
[Wed, 25 Nov 2015 15:32:49 - 20695  - Thread-189 - ERROR   ]	connect server failed: Connection refused, errno=61
[Wed, 25 Nov 2015 15:32:49 - 20695  - Thread-190 - ERROR   ]	connect server failed: Connection refused, errno=61
[Wed, 25 Nov 2015 15:32:49 - 20695  - Thread-191 - ERROR   ]	connect server failed: Connection refused, errno=61
[Wed, 25 Nov 2015 15:32:49 - 20695  - Thread-192 - ERROR   ]	connect server failed: Connection refused, errno=61
[Wed, 25 Nov 2015 15:32:49 - 20695  - Thread-193 - ERROR   ]	connect server failed: Connection refused, errno=61
[Wed, 25 Nov 2015 15:32:49 - 20695  - Thread-194 - ERROR   ]	connect server failed: Connection refused, errno=61
[Wed, 25 Nov 2015 15:32:49 - 20695  - Thread-195 - ERROR   ]	connect server failed: Connection refused, errno=61
[Wed, 25 Nov 2015 15:32:49 - 20695  - Thread-196 - ERROR   ]	connect server failed: Connection refused, errno=61
[Wed, 25 Nov 2015 15:32:49 - 20695  - Thread-197 - ERROR   ]	connect server failed: Connection refused, errno=61
[Wed, 25 Nov 2015 15:32:49 - 20695  - Thread-198 - ERROR   ]	connect server failed: Connection refused, errno=61
[Wed, 25 Nov 2015 15:32:49 - 20695  - Thread-199 - ERROR   ]	connect server failed: Connection refused, errno=61
[Wed, 25 Nov 2015 15:32:49 - 20695  - Thread-200 - ERROR   ]	connect server failed: Connection refused, errno=61
[Wed, 25 Nov 2015 15:32:50 - 20695  - MainThread - INFO    ]	stop ...
